TN:
SF:src\models\normalizeCharacters.js
FN:1,normalizeCharacters
FNF:1
FNH:1
FNDA:1,normalizeCharacters
DA:1,1
DA:2,1
DA:3,1
DA:4,1
DA:5,1
DA:6,1
DA:7,1
DA:8,1
DA:9,1
DA:10,1
DA:11,1
DA:12,1
DA:13,1
DA:14,1
LF:14
LH:14
BRDA:1,0,0,1
BRDA:1,1,0,1
BRDA:2,2,0,1
BRDA:4,3,0,0
BRDA:5,4,0,0
BRDA:6,5,0,0
BRDA:7,6,0,0
BRDA:8,7,0,0
BRDA:11,8,0,0
BRF:9
BRH:3
end_of_record
TN:
SF:src\services\apiRequest.js
FN:7,getData
FNF:1
FNH:1
FNDA:2,getData
DA:1,1
DA:2,1
DA:3,1
DA:4,1
DA:5,1
DA:6,1
DA:7,1
DA:8,2
DA:9,2
DA:10,2
DA:11,2
DA:12,2
DA:13,2
DA:14,1
DA:15,1
DA:16,1
DA:17,1
DA:18,1
DA:19,1
DA:20,1
DA:21,1
DA:22,1
DA:23,1
DA:24,1
DA:25,1
DA:26,1
DA:27,1
DA:28,1
DA:29,1
DA:30,1
DA:31,1
DA:32,2
DA:33,0
DA:34,2
DA:35,2
LF:35
LH:34
BRDA:1,0,0,1
BRDA:7,1,0,2
BRDA:8,2,0,0
BRDA:8,3,0,0
BRDA:13,4,0,1
BRDA:32,5,0,0
BRF:6
BRH:3
end_of_record
TN:
SF:src\services\errorService.js
FN:1,ErrorManagement
FNF:1
FNH:1
FNDA:5,ErrorManagement
DA:1,2
DA:2,5
DA:3,5
DA:4,5
DA:5,5
DA:6,5
DA:7,2
DA:8,2
DA:9,5
DA:10,5
DA:11,1
DA:12,1
DA:13,5
DA:14,5
DA:15,1
DA:16,1
DA:17,5
DA:18,5
DA:19,1
DA:20,5
DA:21,5
DA:22,5
DA:23,5
LF:23
LH:23
BRDA:1,0,0,2
BRDA:1,1,0,2
BRDA:10,2,0,1
BRDA:14,3,0,1
BRDA:18,4,0,1
BRDA:6,5,0,2
BRF:6
BRH:6
end_of_record
TN:
SF:src\services\filterService.js
FN:1,buildFilter
FNF:1
FNH:1
FNDA:4,buildFilter
DA:1,2
DA:2,4
DA:3,4
DA:4,4
DA:5,4
DA:6,4
DA:7,4
LF:7
LH:7
BRDA:1,0,0,2
BRDA:1,1,0,2
BRDA:6,2,0,1
BRDA:3,3,0,11
BRDA:6,4,0,3
BRDA:3,5,0,11
BRDA:3,6,0,11
BRF:7
BRH:7
end_of_record
TN:
SF:src\services\storageService.js
FN:6,storageService
FN:12,emitFavoritesChanged
FN:22,getFavoriteCharacters
FN:26,getFavoriteCharactersCount
FN:30,isCharacterExist
FN:34,saveCharacter
FN:46,getFavoriteCharactersIds
FN:53,deleteFavoriteCharacter
FN:62,toggleFavoriteCharacter
FNF:9
FNH:8
FNDA:5,storageService
FNDA:3,emitFavoritesChanged
FNDA:4,getFavoriteCharacters
FNDA:2,getFavoriteCharactersCount
FNDA:4,isCharacterExist
FNDA:2,saveCharacter
FNDA:4,getFavoriteCharactersIds
FNDA:1,deleteFavoriteCharacter
FNDA:0,toggleFavoriteCharacter
DA:1,1
DA:2,1
DA:3,1
DA:4,1
DA:5,1
DA:6,1
DA:7,5
DA:8,5
DA:9,5
DA:10,5
DA:11,1
DA:12,1
DA:13,3
DA:14,3
DA:15,3
DA:16,3
DA:17,3
DA:18,3
DA:19,3
DA:20,3
DA:21,1
DA:22,1
DA:23,4
DA:24,4
DA:25,1
DA:26,1
DA:27,2
DA:28,2
DA:29,1
DA:30,1
DA:31,4
DA:32,4
DA:33,1
DA:34,1
DA:35,2
DA:36,2
DA:37,2
DA:38,2
DA:39,2
DA:40,2
DA:41,2
DA:42,2
DA:43,2
DA:44,2
DA:45,1
DA:46,1
DA:47,4
DA:48,2
DA:49,4
DA:50,4
DA:51,4
DA:52,1
DA:53,1
DA:54,1
DA:55,1
DA:56,1
DA:57,1
DA:58,1
DA:59,1
DA:60,1
DA:61,1
DA:62,1
DA:63,0
DA:64,0
DA:65,0
DA:66,0
DA:67,0
DA:68,0
DA:69,1
DA:70,1
DA:71,1
DA:72,1
DA:73,1
LF:73
LH:67
BRDA:1,0,0,1
BRDA:6,1,0,5
BRDA:8,2,0,4
BRDA:12,3,0,3
BRDA:22,4,0,4
BRDA:26,5,0,2
BRDA:30,6,0,4
BRDA:31,7,0,2
BRDA:34,8,0,2
BRDA:46,9,0,4
BRDA:47,10,0,2
BRDA:53,11,0,1
BRDA:55,12,0,1
BRF:13
BRH:13
end_of_record
TN:
SF:test\helpers\assertions.js
FN:1,formatValue
FN:5,fail
FN:9,equal
FN:15,deepEqual
FN:24,isTrue
FN:30,isFalse
FN:36,lengthOf
FNF:7
FNH:3
FNDA:0,formatValue
FNDA:0,fail
FNDA:14,equal
FNDA:11,deepEqual
FNDA:1,isTrue
FNDA:0,isFalse
FNDA:0,lengthOf
DA:1,0
DA:2,0
DA:3,0
DA:4,4
DA:5,0
DA:6,0
DA:7,0
DA:8,4
DA:9,14
DA:10,14
DA:11,0
DA:12,0
DA:13,14
DA:14,4
DA:15,11
DA:16,11
DA:17,11
DA:18,11
DA:19,11
DA:20,0
DA:21,0
DA:22,11
DA:23,4
DA:24,1
DA:25,1
DA:26,0
DA:27,0
DA:28,1
DA:29,4
DA:30,0
DA:31,0
DA:32,0
DA:33,0
DA:34,0
DA:35,4
DA:36,0
DA:37,0
DA:38,0
DA:39,0
DA:40,0
DA:41,4
DA:42,4
DA:43,4
DA:44,4
DA:45,4
DA:46,4
DA:47,4
DA:48,4
DA:49,4
LF:49
LH:27
BRDA:1,0,0,4
BRDA:9,1,0,14
BRDA:10,2,0,0
BRDA:15,3,0,13
BRDA:19,4,0,2
BRDA:24,5,0,4
BRDA:25,6,0,3
BRF:7
BRH:6
end_of_record
